<?xml version="1.0" encoding="UTF-8"?>
<!-- Generated by org.testng.reporters.JUnitReportReporter -->
<testsuite skipped="0" hostname="MSI" name="com.PageDistribution.tests.RegistrationPageTest" tests="3" failures="0" timestamp="02 Dec 2021 06:36:21 GMT" time="88.775" errors="0">
  <testcase name="registrationPage" time="33.902" classname="com.PageDistribution.tests.RegistrationPageTest"/>
  <testcase name="registrationPage" time="29.608" classname="com.PageDistribution.tests.RegistrationPageTest"/>
  <testcase name="registrationPage" time="25.265" classname="com.PageDistribution.tests.RegistrationPageTest"/>
</testsuite> <!-- com.PageDistribution.tests.RegistrationPageTest -->
